<?xml version="1.0" encoding="UTF-8"?>
<!-- Generated by org.testng.reporters.JUnitXMLReporter -->
<testsuite ignored="0" hostname="DESKTOP-MJBE72D" failures="0" tests="4" name="Surefire test" time="0.111" errors="0" timestamp="2025-11-07T17:53:58 IST">
  <testcase classname="jenkin.OrgTest" name="createOrgTest" time="0.009"/>
  <testcase classname="jenkin.OrgTest" name="modifyOrgTest" time="0.003"/>
  <testcase classname="maven.ContactTest" name="createOrgTest" time="0.001"/>
  <testcase classname="maven.ContactTest" name="modifyOrgTest" time="0.003"/>
</testsuite> <!-- Surefire test -->
