<?xml version="1.0" encoding="UTF-8"?>
<!-- Generated by org.testng.reporters.JUnitXMLReporter -->
<testsuite ignored="2" hostname="DESKTOP-MJBE72D" failures="0" tests="2" name="Test" time="0.075" errors="0" timestamp="2025-11-07T17:56:01 IST">
  <testcase classname="jenkin.OrgTest" name="modifyOrgTest" time="0.009"/>
  <testcase classname="maven.ContactTest" name="createOrgTest" time="0.001"/>
  <testcase classname="maven.ContactTest" name="modifyOrgTest" time="0.0">
    <ignored/>
  </testcase> <!-- modifyOrgTest -->
  <testcase classname="jenkin.OrgTest" name="createOrgTest" time="0.0">
    <ignored/>
  </testcase> <!-- createOrgTest -->
</testsuite> <!-- Test -->
